\BOOKMARK [0][-]{chapter.1}{Introduction}{}% 1
\BOOKMARK [1][-]{section.1.1}{Motivation}{chapter.1}% 2
\BOOKMARK [1][-]{section.1.2}{Problem Formulation}{chapter.1}% 3
\BOOKMARK [1][-]{section.1.3}{Objectives}{chapter.1}% 4
\BOOKMARK [1][-]{section.1.4}{Text Outline}{chapter.1}% 5
\BOOKMARK [0][-]{chapter.2}{Irregular Sampling}{}% 6
\BOOKMARK [1][-]{section.2.1}{Introduction}{chapter.2}% 7
\BOOKMARK [1][-]{section.2.2}{Time Delay}{chapter.2}% 8
\BOOKMARK [1][-]{section.2.3}{Packet Loss}{chapter.2}% 9
\BOOKMARK [1][-]{section.2.4}{Uncertain Observation}{chapter.2}% 10
\BOOKMARK [1][-]{section.2.5}{Aperiodic Sampling}{chapter.2}% 11
\BOOKMARK [1][-]{section.2.6}{Multi-Rate Sampling}{chapter.2}% 12
\BOOKMARK [0][-]{chapter.3}{Sensor Fusion}{}% 13
\BOOKMARK [1][-]{section.3.1}{Introduction}{chapter.3}% 14
\BOOKMARK [1][-]{section.3.2}{Probabilistic Sensor Fusion}{chapter.3}% 15
\BOOKMARK [2][-]{subsection.3.2.1}{Kalman Filters}{section.3.2}% 16
\BOOKMARK [2][-]{subsection.3.2.2}{Particle Filters}{section.3.2}% 17
\BOOKMARK [1][-]{section.3.3}{Sensor Fusion Techniques}{chapter.3}% 18
\BOOKMARK [0][-]{chapter.4}{Simulation Methods and Assumptions}{}% 19
\BOOKMARK [1][-]{section.4.1}{State Estimation with Irregular Sampling}{chapter.4}% 20
\BOOKMARK [2][-]{subsection.4.1.1}{Input Irregular Sampling}{section.4.1}% 21
\BOOKMARK [1][-]{section.4.2}{With Timestamp}{chapter.4}% 22
\BOOKMARK [1][-]{section.4.3}{Without Timestamp}{chapter.4}% 23
\BOOKMARK [0][-]{chapter.5}{Results}{}% 24
\BOOKMARK [1][-]{section.5.1}{Linear System}{chapter.5}% 25
\BOOKMARK [2][-]{subsection.5.1.1}{System Description}{section.5.1}% 26
\BOOKMARK [2][-]{subsection.5.1.2}{Measurement Signal-to-Noise Ratio Variation}{section.5.1}% 27
\BOOKMARK [2][-]{subsection.5.1.3}{Average Sampling Rate Variation}{section.5.1}% 28
\BOOKMARK [2][-]{subsection.5.1.4}{Regular and Average Irregular Time Interval Relation Variation}{section.5.1}% 29
\BOOKMARK [2][-]{subsection.5.1.5}{Average Time Delay}{section.5.1}% 30
\BOOKMARK [1][-]{section.5.2}{Unicycle Position Estimation}{chapter.5}% 31
\BOOKMARK [2][-]{subsection.5.2.1}{System Description}{section.5.2}% 32
\BOOKMARK [2][-]{subsection.5.2.2}{Measurement Signal-to-Noise Ratio Variation}{section.5.2}% 33
\BOOKMARK [2][-]{subsection.5.2.3}{Average Sampling Rate Variation}{section.5.2}% 34
\BOOKMARK [2][-]{subsection.5.2.4}{Regular and Average Irregular Time Interval Relation Variation}{section.5.2}% 35
\BOOKMARK [2][-]{subsection.5.2.5}{Average Time Delay}{section.5.2}% 36
\BOOKMARK [0][-]{chapter.6}{Conclusions}{}% 37
\BOOKMARK [1][-]{section.6.1}{Project Overview}{chapter.6}% 38
\BOOKMARK [1][-]{section.6.2}{Main Results}{chapter.6}% 39
\BOOKMARK [1][-]{section.6.3}{Future Work}{chapter.6}% 40
\BOOKMARK [0][-]{chapter*.9}{References}{}% 41
